<?xml version="1.0" encoding="UTF-8"?>
<!-- Generated by org.testng.reporters.JUnitReportReporter -->
<testsuite skipped="0" hostname="Raja-PC" name="in.testNGautomation.in.testNGAutomation1203.FirstTestNGClass" tests="3" failures="0" timestamp="2021-03-13T16:38:41 IST" time="63.829" errors="0">
  <testcase name="xloginApp" time="27.058" classname="in.testNGautomation.in.testNGAutomation1203.FirstTestNGClass"/>
  <system-out/>
  <testcase name="startApp" time="25.191" classname="in.testNGautomation.in.testNGAutomation1203.FirstTestNGClass"/>
  <system-out/>
  <testcase name="zlogoutApp" time="11.580" classname="in.testNGautomation.in.testNGAutomation1203.FirstTestNGClass"/>
  <system-out/>
</testsuite> <!-- in.testNGautomation.in.testNGAutomation1203.FirstTestNGClass -->
